<?xml version="1.0" encoding="UTF-8"?>
<!-- Generated by org.testng.reporters.JUnitXMLReporter -->
<testsuite hostname="DESKTOP-GSE3O5J" ignored="2" name="Groups" tests="1" failures="0" timestamp="07 Jun 2019 04:50:55 GMT" time="0.005" errors="0">
  <testcase name="method_a" time="0.002" classname="test.FlowOfTestNG"/>
  <testcase name="method_c" time="0.0" classname="test.FlowOfTestNG">
    <ignored/>
  </testcase> <!-- method_c -->
  <testcase name="method_b" time="0.0" classname="test.FlowOfTestNG">
    <ignored/>
  </testcase> <!-- method_b -->
</testsuite> <!-- Groups -->
