<?xml version="1.0" encoding="UTF-8"?>
<!-- Generated by org.testng.reporters.JUnitXMLReporter -->
<testsuite hostname="DESKTOP-GSE3O5J" ignored="0" name="PackageExecution" tests="6" failures="0" timestamp="07 Jun 2019 04:50:55 GMT" time="6.984" errors="0">
  <testcase name="method_a" time="0.001" classname="test.FlowOfTestNG"/>
  <testcase name="method_b" time="0.001" classname="test.FlowOfTestNG"/>
  <testcase name="method_c" time="0.002" classname="test.FlowOfTestNG"/>
  <testcase name="verifyPromptMessage" time="0.213" classname="test.MultipleTestCases"/>
  <testcase name="verifyRadioButtonChecked" time="0.026" classname="test.MultipleTestCases"/>
  <testcase name="verifySelectListType" time="0.299" classname="test.MultipleTestCases"/>
</testsuite> <!-- PackageExecution -->
