<?xml version="1.0" encoding="UTF-8"?>
<!-- Generated by org.testng.reporters.JUnitXMLReporter -->
<testsuite hostname="DESKTOP-GSE3O5J" ignored="0" name="ParallelExecution" tests="3" failures="0" timestamp="07 Jun 2019 04:59:40 GMT" time="13.322" errors="0">
  <testcase name="method_a" time="0.005" classname="test.FlowOfTestNG"/>
  <testcase name="method_c" time="9.612" classname="test.FlowOfTestNG"/>
  <testcase name="method_b" time="13.278" classname="test.FlowOfTestNG"/>
</testsuite> <!-- ParallelExecution -->
