<?xml version="1.0" encoding="UTF-8"?>
<!-- Generated by org.testng.reporters.JUnitXMLReporter -->
<testsuite hostname="DESKTOP-GSE3O5J" ignored="0" name="Regression" tests="3" failures="0" timestamp="06 Jun 2019 17:07:13 GMT" time="0.018" errors="0">
  <testcase name="method_a" time="0.001" classname="test.FlowOfTestNG"/>
  <testcase name="method_b" time="0.001" classname="test.FlowOfTestNG"/>
  <testcase name="method_c" time="0.001" classname="test.FlowOfTestNG"/>
</testsuite> <!-- Regression -->
