<?xml version="1.0" encoding="UTF-8"?>
<!-- Generated by org.testng.reporters.JUnitXMLReporter -->
<testsuite hostname="DESKTOP-GSE3O5J" ignored="0" name="Smoke" tests="6" failures="0" timestamp="06 Jun 2019 17:07:20 GMT" time="6.298" errors="0">
  <testcase name="method_a" time="0.002" classname="test.FlowOfTestNG"/>
  <testcase name="method_b" time="0.001" classname="test.FlowOfTestNG"/>
  <testcase name="method_c" time="0.0" classname="test.FlowOfTestNG"/>
  <testcase name="verifyPromptMessage" time="0.157" classname="test.MultipleTestCases"/>
  <testcase name="verifyRadioButtonChecked" time="0.017" classname="test.MultipleTestCases"/>
  <testcase name="verifySelectListType" time="0.258" classname="test.MultipleTestCases"/>
</testsuite> <!-- Smoke -->
