<?xml version="1.0" encoding="UTF-8"?>
<!-- Generated by org.testng.reporters.JUnitXMLReporter -->
<testsuite hostname="DESKTOP-GSE3O5J" ignored="0" name="Test" tests="5" failures="0" timestamp="07 Jun 2019 05:11:55 GMT" time="0.093" errors="0">
  <testcase name="method_a" time="0.008" classname="test.FlowOfTestNG"/>
  <testcase name="method_a" time="0.002" classname="test.FlowOfTestNG"/>
  <testcase name="method_b" time="0.004" classname="test.FlowOfTestNG"/>
  <testcase name="method_c" time="0.005" classname="test.FlowOfTestNG"/>
  <testcase name="method_d" time="0.002" classname="test.FlowOfTestNG"/>
</testsuite> <!-- Test -->
